2026-01-18 13:12:16,423 INFO: New Session Started: Terminal output is now muted.
2026-01-18 13:12:16,423 INFO: Initializing Data Pipeline...
2026-01-18 13:12:16,491 INFO: --- STARTING T-TEST ANALYSIS (STEM vs Non-STEM) ---
2026-01-18 13:12:16,499 INFO: T-Test summary saved successfully.
2026-01-18 13:12:16,499 INFO: --- STARTING ANOVA ANALYSIS (By Course) ---
2026-01-18 13:12:16,504 INFO: Significant variance detected in Stress_Level. Running Tukey HSD...
2026-01-18 13:12:17,038 INFO: Significant variance detected in Depression_Score. Running Tukey HSD...
2026-01-18 13:12:17,635 INFO: Significant variance detected in Anxiety_Score. Running Tukey HSD...
2026-01-18 13:12:18,546 INFO: Scientific bar chart for Stress_Level saved successfully.
2026-01-18 13:12:18,757 INFO: Scientific bar chart for Anxiety_Score saved successfully.
2026-01-18 13:12:18,955 INFO: Scientific bar chart for Depression_Score saved successfully.
2026-01-18 13:12:19,152 INFO: Correlation heatmap generated and saved in reports/figures/.
2026-01-18 13:12:19,152 INFO: --- STARTING UNSUPERVISED ANALYSIS PHASE ---
2026-01-18 13:12:35,410 INFO: New Session Started: Terminal output is now muted.
2026-01-18 13:12:35,410 INFO: Initializing Data Pipeline...
2026-01-18 13:12:35,489 INFO: --- STARTING T-TEST ANALYSIS (STEM vs Non-STEM) ---
2026-01-18 13:12:35,500 INFO: T-Test summary saved successfully.
2026-01-18 13:12:35,500 INFO: --- STARTING ANOVA ANALYSIS (By Course) ---
2026-01-18 13:12:35,509 INFO: Significant variance detected in Stress_Level. Running Tukey HSD...
2026-01-18 13:12:36,027 INFO: Significant variance detected in Depression_Score. Running Tukey HSD...
2026-01-18 13:12:36,575 INFO: Significant variance detected in Anxiety_Score. Running Tukey HSD...
2026-01-18 13:12:37,438 INFO: Scientific bar chart for Stress_Level saved successfully.
2026-01-18 13:12:37,695 INFO: Scientific bar chart for Anxiety_Score saved successfully.
2026-01-18 13:12:37,970 INFO: Scientific bar chart for Depression_Score saved successfully.
2026-01-18 13:12:38,242 INFO: Correlation heatmap generated and saved in reports/figures/.
2026-01-18 13:12:38,243 INFO: --- STARTING UNSUPERVISED ANALYSIS PHASE ---
2026-01-18 13:13:27,330 INFO: New Session Started: Terminal output is now muted.
2026-01-18 13:13:27,330 INFO: Initializing Data Pipeline...
2026-01-18 13:13:27,405 INFO: --- STARTING T-TEST ANALYSIS (STEM vs Non-STEM) ---
2026-01-18 13:13:27,414 INFO: T-Test summary saved successfully.
2026-01-18 13:13:27,414 INFO: --- STARTING ANOVA ANALYSIS (By Course) ---
2026-01-18 13:13:27,418 INFO: Significant variance detected in Stress_Level. Running Tukey HSD...
2026-01-18 13:13:27,947 INFO: Significant variance detected in Depression_Score. Running Tukey HSD...
2026-01-18 13:13:28,487 INFO: Significant variance detected in Anxiety_Score. Running Tukey HSD...
2026-01-18 13:13:29,330 INFO: Scientific bar chart for Stress_Level saved successfully.
2026-01-18 13:13:29,536 INFO: Scientific bar chart for Anxiety_Score saved successfully.
2026-01-18 13:13:29,746 INFO: Scientific bar chart for Depression_Score saved successfully.
2026-01-18 13:13:29,942 INFO: Correlation heatmap generated and saved in reports/figures/.
2026-01-18 13:13:29,942 INFO: --- STARTING UNSUPERVISED ANALYSIS PHASE ---
2026-01-18 13:13:29,947 INFO: EFA assumptions calculated. KMO: 0.487
2026-01-18 13:13:29,947 WARNING: Data does not meet EFA requirements. Skipping Factor Analysis.
2026-01-18 13:13:29,947 INFO: Full Research Pipeline Complete. All results available in 'reports/'.
2026-01-18 14:59:14,124 INFO: New Session Started: Terminal output is now muted.
2026-01-18 14:59:14,124 INFO: Initializing Data Pipeline...
2026-01-18 14:59:14,199 INFO: --- STARTING T-TEST ANALYSIS (STEM vs Non-STEM) ---
2026-01-18 14:59:37,204 INFO: New Session Started: Terminal output is now muted.
2026-01-18 14:59:37,204 INFO: Initializing Data Pipeline...
2026-01-18 14:59:37,272 INFO: --- STARTING T-TEST ANALYSIS (STEM vs Non-STEM) ---
2026-01-18 14:59:37,281 INFO: T-Test summary saved successfully.
2026-01-18 14:59:37,282 INFO: --- STARTING ANOVA ANALYSIS (By Course) ---
2026-01-18 14:59:37,288 INFO: Significant variance detected in Stress_Level. Running Tukey HSD...
2026-01-18 14:59:37,835 INFO: Significant variance detected in Depression_Score. Running Tukey HSD...
2026-01-18 14:59:38,364 INFO: Significant variance detected in Anxiety_Score. Running Tukey HSD...
2026-01-18 14:59:39,329 INFO: Scientific bar chart for Stress_Level saved successfully.
2026-01-18 14:59:39,526 INFO: Scientific bar chart for Anxiety_Score saved successfully.
2026-01-18 14:59:39,732 INFO: Scientific bar chart for Depression_Score saved successfully.
2026-01-18 14:59:39,985 INFO: Correlation heatmap generated and saved in reports/figures/.
2026-01-18 14:59:39,985 INFO: --- STARTING UNSUPERVISED ANALYSIS PHASE ---
2026-01-18 14:59:39,991 INFO: EFA assumptions calculated. KMO: 0.487
2026-01-18 14:59:39,991 WARNING: Data does not meet EFA requirements. Skipping Factor Analysis.
2026-01-18 14:59:39,991 INFO: Full Research Pipeline Complete. All results available in 'reports/'.
2026-01-18 15:44:52,307 INFO: New Session Started: Terminal output is now muted.
2026-01-18 15:44:52,307 INFO: Initializing Data Pipeline...
2026-01-18 15:44:52,401 INFO: --- STARTING T-TEST ANALYSIS (STEM vs Non-STEM) ---
2026-01-18 15:44:52,412 INFO: T-Test summary saved successfully.
2026-01-18 15:44:52,412 INFO: --- STARTING ANOVA ANALYSIS (By Course) ---
2026-01-18 15:44:52,422 INFO: Significant variance detected in Stress_Level. Running Tukey HSD...
2026-01-18 15:44:53,103 INFO: Significant variance detected in Depression_Score. Running Tukey HSD...
2026-01-18 15:44:53,718 INFO: Significant variance detected in Anxiety_Score. Running Tukey HSD...
2026-01-18 15:44:54,841 INFO: Scientific bar chart for Stress_Level saved successfully.
2026-01-18 15:44:55,045 INFO: Scientific bar chart for Anxiety_Score saved successfully.
2026-01-18 15:44:55,303 INFO: Scientific bar chart for Depression_Score saved successfully.
2026-01-18 15:44:55,533 INFO: Correlation heatmap generated and saved in reports/figures/.
2026-01-18 15:44:55,533 INFO: --- STARTING UNSUPERVISED ANALYSIS PHASE ---
2026-01-18 15:44:55,540 INFO: EFA assumptions calculated. KMO: 0.487
2026-01-18 15:44:55,541 WARNING: Data does not meet EFA requirements. Skipping Factor Analysis.
2026-01-18 15:44:55,541 INFO: Full Research Pipeline Complete. All results available in 'reports/'.
2026-01-18 16:19:32,214 INFO: New Session Started: Terminal output is now muted.
2026-01-18 16:19:32,214 INFO: Initializing Data Pipeline...
2026-01-18 16:19:32,303 INFO: --- STARTING T-TEST ANALYSIS (STEM vs Non-STEM) ---
2026-01-18 16:19:32,312 INFO: T-Test summary saved successfully.
2026-01-18 16:19:32,313 INFO: --- STARTING ANOVA ANALYSIS (By Course) ---
2026-01-18 16:19:32,318 INFO: Significant variance detected in Stress_Level. Running Tukey HSD...
2026-01-18 16:19:32,866 INFO: Significant variance detected in Depression_Score. Running Tukey HSD...
2026-01-18 16:19:33,409 INFO: Significant variance detected in Anxiety_Score. Running Tukey HSD...
2026-01-18 16:19:34,777 INFO: Scientific bar chart for Stress_Level saved successfully.
2026-01-18 16:19:35,044 INFO: Scientific bar chart for Anxiety_Score saved successfully.
2026-01-18 16:19:35,361 INFO: Scientific bar chart for Depression_Score saved successfully.
2026-01-18 16:19:35,683 INFO: Correlation heatmap generated and saved in reports/figures/.
2026-01-18 16:19:35,684 INFO: --- STARTING UNSUPERVISED ANALYSIS PHASE ---
2026-01-18 16:19:35,697 INFO: EFA assumptions calculated. KMO: 0.487
2026-01-18 16:19:35,698 WARNING: Data does not meet EFA requirements. Skipping Factor Analysis.
2026-01-18 16:19:35,698 INFO: Full Research Pipeline Complete. All results available in 'reports/'.
2026-01-18 17:38:24,648 INFO: New Session Started: Terminal output is now muted.
2026-01-18 17:38:24,649 INFO: Initializing Data Pipeline...
2026-01-18 17:38:24,770 INFO: --- STARTING T-TEST ANALYSIS (STEM vs Non-STEM) ---
2026-01-18 17:38:24,785 INFO: T-Test summary saved successfully.
2026-01-18 17:38:24,786 INFO: --- STARTING ANOVA ANALYSIS (By Course) ---
2026-01-18 17:38:24,798 INFO: Significant variance detected in Stress_Level. Running Tukey HSD...
2026-01-18 17:38:25,359 INFO: Significant variance detected in Depression_Score. Running Tukey HSD...
2026-01-18 17:38:25,879 INFO: Significant variance detected in Anxiety_Score. Running Tukey HSD...
2026-01-18 17:39:07,463 INFO: New Session Started: Terminal output is now muted.
2026-01-18 17:39:07,464 INFO: Initializing Data Pipeline...
2026-01-18 17:39:07,564 INFO: --- STARTING T-TEST ANALYSIS (STEM vs Non-STEM) ---
2026-01-18 17:39:07,576 INFO: T-Test summary saved successfully.
2026-01-18 17:39:07,577 INFO: --- STARTING ANOVA ANALYSIS (By Course) ---
2026-01-18 17:39:07,582 INFO: Significant variance detected in Stress_Level. Running Tukey HSD...
2026-01-18 17:39:08,192 INFO: Significant variance detected in Depression_Score. Running Tukey HSD...
2026-01-18 17:39:08,854 INFO: Significant variance detected in Anxiety_Score. Running Tukey HSD...
2026-01-18 17:39:09,673 INFO: Starting Risk Prediction Modeling.
2026-01-18 17:39:09,685 INFO: Predictive Risk Report saved to: reports/tables/risk_prediction_report.txt
2026-01-18 17:39:11,122 INFO: Scientific bar chart for Stress_Level saved successfully.
2026-01-18 17:39:11,337 INFO: Scientific bar chart for Anxiety_Score saved successfully.
2026-01-18 17:39:11,555 INFO: Scientific bar chart for Depression_Score saved successfully.
2026-01-18 17:39:11,805 INFO: Correlation heatmap generated and saved in reports/figures/.
2026-01-18 17:39:11,806 INFO: --- STARTING UNSUPERVISED ANALYSIS PHASE ---
2026-01-18 17:39:11,813 INFO: EFA assumptions calculated. KMO: 0.487
2026-01-18 17:39:11,814 WARNING: Data does not meet EFA requirements. Skipping Factor Analysis.
2026-01-18 17:39:11,814 INFO: Full Research Pipeline Complete. All results available in 'reports/'.
2026-01-18 18:43:10,623 INFO: New Session Started: Terminal output is now muted.
2026-01-18 18:43:10,624 INFO: Initializing Data Pipeline...
2026-01-18 18:43:10,732 INFO: --- STARTING T-TEST ANALYSIS (STEM vs Non-STEM) ---
2026-01-18 18:43:10,745 INFO: T-Test summary saved successfully.
2026-01-18 18:43:10,745 INFO: --- STARTING ANOVA ANALYSIS (By Course) ---
2026-01-18 18:43:10,754 INFO: Significant variance detected in Stress_Level. Running Tukey HSD...
2026-01-18 18:43:11,368 INFO: Significant variance detected in Depression_Score. Running Tukey HSD...
2026-01-18 18:43:11,959 INFO: Significant variance detected in Anxiety_Score. Running Tukey HSD...
2026-01-18 18:43:12,558 INFO: Starting Risk Prediction Modeling.
2026-01-18 18:43:12,570 INFO: Predictive Risk Report saved to: reports/tables/risk_prediction_report.txt
2026-01-18 18:43:12,988 INFO: Scientific bar chart for Stress_Level saved successfully.
2026-01-18 18:43:13,189 INFO: Scientific bar chart for Anxiety_Score saved successfully.
2026-01-18 18:43:13,397 INFO: Scientific bar chart for Depression_Score saved successfully.
2026-01-18 18:43:13,595 INFO: Correlation heatmap generated and saved in reports/figures/.
2026-01-18 18:43:13,596 INFO: --- STARTING UNSUPERVISED ANALYSIS PHASE ---
2026-01-18 18:43:13,607 INFO: EFA assumptions calculated. KMO: 0.487
2026-01-18 18:43:13,607 WARNING: Data does not meet EFA requirements. Skipping Factor Analysis.
2026-01-18 18:43:13,607 INFO: Full Research Pipeline Complete. All results available in 'reports/'.
2026-01-18 19:06:39,987 INFO: New Session Started: Terminal output is now muted.
2026-01-18 19:06:39,988 INFO: Initializing Data Pipeline...
2026-01-18 19:06:40,043 INFO: --- STARTING T-TEST ANALYSIS (STEM vs Non-STEM) ---
2026-01-18 19:06:40,051 INFO: T-Test summary saved successfully.
2026-01-18 19:06:40,051 INFO: --- STARTING ANOVA ANALYSIS (By Course) ---
2026-01-18 19:06:40,056 INFO: Significant variance detected in Stress_Level. Running Tukey HSD...
2026-01-18 19:06:40,613 INFO: Significant variance detected in Depression_Score. Running Tukey HSD...
2026-01-18 19:06:41,122 INFO: Significant variance detected in Anxiety_Score. Running Tukey HSD...
2026-01-18 19:06:41,683 INFO: Starting Risk Prediction Modeling.
2026-01-18 19:06:41,693 INFO: Predictive Risk Report saved to: reports/tables/risk_prediction_report.txt
2026-01-18 19:06:42,063 INFO: Scientific bar chart for Stress_Level saved successfully.
2026-01-18 19:06:42,282 INFO: Scientific bar chart for Anxiety_Score saved successfully.
2026-01-18 19:06:42,559 INFO: Scientific bar chart for Depression_Score saved successfully.
2026-01-18 19:06:42,791 INFO: Correlation heatmap generated and saved in reports/figures/.
2026-01-18 19:06:42,791 INFO: --- STARTING UNSUPERVISED ANALYSIS PHASE ---
2026-01-18 19:06:42,796 INFO: EFA assumptions calculated. KMO: 0.487
2026-01-18 19:06:42,797 WARNING: Data does not meet EFA requirements. Skipping Factor Analysis.
2026-01-18 19:06:42,797 INFO: Full Research Pipeline Complete. All results available in 'reports/'.
2026-01-18 19:07:48,651 INFO: New Session Started: Terminal output is now muted.
2026-01-18 19:07:48,652 INFO: Initializing Data Pipeline...
2026-01-18 19:07:48,708 INFO: --- STARTING T-TEST ANALYSIS (STEM vs Non-STEM) ---
2026-01-18 19:07:48,717 INFO: T-Test summary saved successfully.
2026-01-18 19:07:48,718 INFO: --- STARTING ANOVA ANALYSIS (By Course) ---
2026-01-18 19:07:48,723 INFO: Significant variance detected in Stress_Level. Running Tukey HSD...
2026-01-18 19:07:49,314 INFO: Significant variance detected in Depression_Score. Running Tukey HSD...
2026-01-18 19:07:49,865 INFO: Significant variance detected in Anxiety_Score. Running Tukey HSD...
2026-01-18 19:07:50,468 INFO: Starting Risk Prediction Modeling.
2026-01-18 19:07:50,476 INFO: Predictive Risk Report saved to: reports/tables/risk_prediction_report.txt
2026-01-18 19:07:50,796 INFO: Scientific bar chart for Stress_Level saved successfully.
2026-01-18 19:07:51,006 INFO: Scientific bar chart for Anxiety_Score saved successfully.
2026-01-18 19:07:51,192 INFO: Scientific bar chart for Depression_Score saved successfully.
2026-01-18 19:07:51,387 INFO: Correlation heatmap generated and saved in reports/figures/.
2026-01-18 19:07:51,387 INFO: --- STARTING UNSUPERVISED ANALYSIS PHASE ---
2026-01-18 19:07:51,392 INFO: EFA assumptions calculated. KMO: 0.487
2026-01-18 19:07:51,392 WARNING: Data does not meet EFA requirements. Skipping Factor Analysis.
2026-01-18 19:07:51,393 INFO: Full Research Pipeline Complete. All results available in 'reports/'.
